"../../../Engine/Content/Functions/Engine_MaterialFunctions01/Opacity/CameraDepthFade.uasset" 0
"../../../Engine/Content/EngineMaterials/T_Default_Material_Grid_M.uasset" 1
"../../../Engine/Content/EngineMaterials/T_Default_Material_Grid_N.uasset" 2
"../../../Engine/Content/EngineMaterials/DefaultMaterial.uasset" 3
"../../../Engine/Content/BasicShapes/Cone.uasset" 4
"../../../Engine/Content/BasicShapes/Cylinder.uasset" 5
"../../../Engine/Content/EngineMaterials/WorldGridMaterial.uasset" 6
"../../../Engine/Content/BasicShapes/Plane.uasset" 7
"../../../Engine/Content/BasicShapes/Sphere.uasset" 8
"../../../Engine/Content/EditorLandscapeResources/DataLayer.uasset" 9
"../../../Engine/Content/EditorMaterials/GizmoMaterial.uasset" 10
"../../../Engine/Content/EditorMaterials/MAT_Groups_Toggle.uasset" 11
"../../../Engine/Content/EditorMaterials/MAT_Groups_Visibility.uasset" 12
"../../../Engine/Content/EditorMaterials/PreviewShadowIndicator.uasset" 13
"../../../Engine/Content/EditorMaterials/PreviewShadowIndicatorMaterial.uasset" 14
"../../../Engine/Content/EditorMaterials/AssetViewer/EpicQuadPanorama_CC+EV1.uasset" 15
"../../../Engine/Content/EditorMaterials/MatineeGroups/MAT_ColorTrack.uasset" 16
"../../../Engine/Content/EditorMaterials/MatineeGroups/MAT_Groups_Anim.uasset" 17
"../../../Engine/Content/EditorMaterials/MatineeGroups/MAT_Groups_AudioMaster.uasset" 18
"../../../Engine/Content/EditorMaterials/MatineeGroups/MAT_Groups_Director.uasset" 19
"../../../Engine/Content/EditorMaterials/MatineeGroups/MAT_Groups_Event.uasset" 20
"../../../Engine/Content/EditorMaterials/MatineeGroups/MAT_Groups_Fade.uasset" 21
"../../../Engine/Content/EditorMaterials/MatineeGroups/MAT_Groups_Float.uasset" 22
"../../../Engine/Content/EditorMaterials/MatineeGroups/MAT_Groups_Move.uasset" 23
"../../../Engine/Content/EditorMaterials/MatineeGroups/MAT_Groups_Slomo.uasset" 24
"../../../Engine/Content/EditorMaterials/MatineeGroups/MAT_Groups_Sound.uasset" 25
"../../../Engine/Content/EditorMaterials/MatineeGroups/MAT_Groups_Vector.uasset" 26
"../../../Engine/Content/EditorMaterials/ParticleSystems/PSysThumbnail_NoImage.uasset" 27
"../../../Engine/Content/EditorMaterials/ParticleSystems/PSysThumbnail_OOD.uasset" 28
"../../../Engine/Content/EditorMaterials/Camera/CineMat.uasset" 29
"../../../Engine/Content/EditorMaterials/Camera/MI_CineMat_Rig.uasset" 30
"../../../Engine/Content/EditorMeshes/Camera/SM_CraneRig_Arm.uasset" 31
"../../../Engine/Content/EditorMeshes/Camera/SM_CraneRig_Base.uasset" 32
"../../../Engine/Content/EditorMeshes/Camera/SM_CraneRig_Body.uasset" 33
"../../../Engine/Content/EditorMeshes/Camera/SM_CraneRig_Mount.uasset" 34
"../../../Engine/Content/EditorMeshes/Camera/SM_RailRig_Mount.uasset" 35
"../../../Engine/Content/EditorMeshes/Camera/SM_RailRig_Track.uasset" 36
"../../../Engine/Content/EditorMeshes/ColorCalibrator/M_ChromeBall.uasset" 37
"../../../Engine/Content/EditorMeshes/ColorCalibrator/M_ClearCoat.uasset" 38
"../../../Engine/Content/EditorMeshes/ColorCalibrator/M_ClearCoatBlack.uasset" 39
"../../../Engine/Content/EditorMeshes/ColorCalibrator/T_ColorGrid.uasset" 40
"../../../Engine/Content/EditorMeshes/ColorCalibrator/M_ColorGrid.uasset" 41
"../../../Engine/Content/EditorMeshes/ColorCalibrator/M_GreyBall.uasset" 42
"../../../Engine/Content/EditorMeshes/ColorCalibrator/SM_ColorCalibrator.uasset" 43
"../../../Engine/Content/EditorResources/BSPVertex.uasset" 44
"../../../Engine/Content/EditorResources/EmptyActor.uasset" 45
"../../../Engine/Content/EditorResources/RGBTable16x1_AssetViewer.uasset" 46
"../../../Engine/Content/EditorResources/S_Actor.uasset" 47
"../../../Engine/Content/EditorResources/S_Trigger.uasset" 48
"../../../Engine/Content/EditorResources/LightIcons/S_LightError.uasset" 49
"../../../Engine/Content/EditorResources/SequenceRecorder/Countdown.uasset" 50
"../../../Engine/Content/EditorResources/SequenceRecorder/RecordingIndicator.uasset" 51
"../../../Engine/Content/EditorSounds/Notifications/CompileFailed.uasset" 52
"../../../Engine/Content/EditorSounds/Notifications/CompileFailed_Cue.uasset" 53
"../../../Engine/Content/EditorSounds/Notifications/CompileSuccess.uasset" 54
"../../../Engine/Content/EditorSounds/Notifications/CompileStart_Cue.uasset" 55
"../../../Engine/Content/EditorSounds/Notifications/CompileSuccess_Cue.uasset" 56
"../../../Engine/Content/EngineDamageTypes/DmgTypeBP_Environmental.uasset" 57
"../../../Engine/Content/EngineDebugMaterials/HeatmapGradient.uasset" 58
"../../../Engine/Content/EngineDebugMaterials/BoneWeightMaterial.uasset" 59
"../../../Engine/Content/EngineDebugMaterials/DebugMeshMaterial.uasset" 60
"../../../Engine/Content/EngineDebugMaterials/GeomMaterial.uasset" 61
"../../../Engine/Content/EngineFonts/Faces/RobotoBold.uasset" 62
"../../../Engine/Content/EngineFonts/Faces/RobotoBoldItalic.uasset" 63
"../../../Engine/Content/EngineFonts/Faces/RobotoItalic.uasset" 64
"../../../Engine/Content/EngineFonts/Faces/RobotoLight.uasset" 65
"../../../Engine/Content/EngineFonts/Faces/RobotoRegular.uasset" 66
"../../../Engine/Content/EngineFonts/Roboto.uasset" 67
"../../../Engine/Content/EngineFonts/Faces/RobotoTiny.uasset" 68
"../../../Engine/Content/EngineFonts/RobotoTiny.uasset" 69
"../../../Engine/Content/EngineMaterials/DefaultBokeh.uasset" 70
"../../../Engine/Content/EngineMaterials/DefaultDiffuse.uasset" 71
"../../../Engine/Content/EngineMaterials/DefaultDeferredDecalMaterial.uasset" 72
"../../../Engine/Content/EngineMaterials/DefaultLightFunctionMaterial.uasset" 73
"../../../Engine/Content/EngineMaterials/DefaultPhysicalMaterial.uasset" 74
"../../../Engine/Content/Functions/Engine_MaterialFunctions02/Utility/BreakOutFloat2Components.uasset" 75
"../../../Engine/Content/EngineMaterials/DefaultPostProcessMaterial.uasset" 76
"../../../Engine/Content/EngineFonts/RobotoDistanceField.uasset" 77
"../../../Engine/Content/EngineMaterials/DefaultTextMaterialOpaque.uasset" 78
"../../../Engine/Content/EngineMaterials/DefaultWhiteGrid.uasset" 79
"../../../Engine/Content/EngineMaterials/EditorBrushMaterial.uasset" 80
"../../../Engine/Content/EngineMaterials/MiniFont.uasset" 81
"../../../Engine/Content/EngineMaterials/InvalidLightmapSettings.uasset" 82
"../../../Engine/Content/EngineMaterials/M_InvalidLightmapSettings.uasset" 83
"../../../Engine/Content/EngineMaterials/PhAT_JointLimitMaterial.uasset" 84
"../../../Engine/Content/EngineMaterials/PreintegratedSkinBRDF.uasset" 85
"../../../Engine/Content/EngineMaterials/RemoveSurfaceMaterial.uasset" 86
"../../../Engine/Content/EngineMaterials/WeightMapPlaceholderTexture.uasset" 87
"../../../Engine/Content/EngineResources/WhiteSquareTexture.uasset" 88
"../../../Engine/Content/EngineMaterials/Widget3DPassThrough.uasset" 89
"../../../Engine/Content/EngineMaterials/Widget3DPassThrough_Masked.uasset" 90
"../../../Engine/Content/EngineMaterials/Widget3DPassThrough_Opaque.uasset" 91
"../../../Engine/Content/EngineMaterials/Widget3DPassThrough_Masked_OneSided.uasset" 92
"../../../Engine/Content/EngineMaterials/Widget3DPassThrough_Opaque_OneSided.uasset" 93
"../../../Engine/Content/EngineMaterials/Widget3DPassThrough_Translucent.uasset" 94
"../../../Engine/Content/EngineMaterials/Widget3DPassThrough_Translucent_OneSided.uasset" 95
"../../../Engine/Content/EngineMeshes/Cube.uasset" 96
"../../../Engine/Content/EngineMeshes/Cylinder.uasset" 97
"../../../Engine/Content/EngineMeshes/Sphere.uasset" 98
"../../../Engine/Content/EngineResources/Black.uasset" 99
"../../../Engine/Content/EngineResources/DefaultTexture.uasset" 100
"../../../Engine/Content/EngineResources/DefaultTextureCube.uasset" 101
"../../../Engine/Content/EngineResources/GradientTexture0.uasset" 102
"../../../Engine/Content/EngineSounds/Master.uasset" 103
"../../../Engine/Content/Functions/Engine_MaterialFunctions01/Shading/ConvertFromDiffSpec.uasset" 104
"../../../Engine/Content/Functions/Engine_MaterialFunctions01/Shading/PowerToRoughness.uasset" 105
"../../../Engine/Content/Maps/Templates/Thumbnails/Default.uasset" 106
"../../../Engine/Content/Maps/Templates/Thumbnails/VR-Basic.uasset" 107
"../../../Engine/Content/MobileResources/T_MobileControls_texture.uasset" 108
"../../../Engine/Content/MobileResources/T_MobileMenu2.uasset" 109
"../../../Engine/Content/MobileResources/HUD/AnalogHat.uasset" 110
"../../../Engine/Content/MobileResources/HUD/VirtualJoystick_Background.uasset" 111
"../../../Engine/Content/MobileResources/HUD/VirtualJoystick_Thumb.uasset" 112
"../../../Engine/Content/MobileResources/HUD/DefaultVirtualJoysticks.uasset" 113
"../../../Engine/Content/MobileResources/HUD/LeftVirtualJoystickOnly.uasset" 114
"../../../Engine/Content/MobileResources/HUD/MobileHUDButton1_off.uasset" 115
"../../../Engine/Content/MobileResources/HUD/MobileHUDButton1_on.uasset" 116
"../../../Engine/Content/MobileResources/HUD/MobileHUDButton2_off.uasset" 117
"../../../Engine/Content/MobileResources/HUD/MobileHUDButton2_on.uasset" 118
"../../../Engine/Content/MobileResources/HUD/MobileHUDButton3.uasset" 119
"../../../Engine/Content/MobileResources/HUD/MobileHUDButtonFire.uasset" 120
"../../../Engine/Content/MobileResources/HUD/MobileHUDDirectionPad.uasset" 121
"../../../Engine/Content/MobileResources/HUD/MobileHUDDirectionPad2.uasset" 122
"../../../Engine/Content/MobileResources/HUD/MobileHUDDirectionPad3.uasset" 123
"../../../Engine/Content/MobileResources/HUD/MobileHUDDirectionStick.uasset" 124
"../../../Engine/Content/MobileResources/HUD/T_Castle_ThumbstickInner.uasset" 125
"../../../Engine/Content/MobileResources/HUD/T_Castle_ThumbstickOutter.uasset" 126
"../../../Engine/Content/Tutorial/ContentIntroCurve.uasset" 127
"../../../Engine/Content/Tutorial/Basics/TutorialAssets/icon_tab_Levels_40x.uasset" 128
"../../../Engine/Content/Tutorial/BlueprintTutorials/TutorialAssets/BlueprintInterface_64x.uasset" 129
"../../../Engine/Content/Tutorial/BlueprintTutorials/TutorialAssets/BlueprintMacroLibrary_64x.uasset" 130
"../../../Engine/Content/Tutorial/BlueprintTutorials/TutorialAssets/Blueprint_64x.uasset" 131
"../../../Engine/Content/Tutorial/BlueprintTutorials/TutorialAssets/Tutorial_BP_Interface.uasset" 132
"../../../Engine/Content/Tutorial/Foliage/TutorialAssets/Foliage.uasset" 133
"../../../Engine/Content/Tutorial/Landscape/TutorialAssets/Landscape.uasset" 134
"../../../Engine/Content/Tutorial/Paper2D/TutorialAssets/Paper2DFlipbook_TutorialIcon.uasset" 135
"../../../Engine/Content/Tutorial/Paper2D/TutorialAssets/Paper2DSprite_TutorialIcon.uasset" 136
"../../../Engine/Content/Tutorial/SubEditors/TutorialAssets/icon_Editor_Preferences_General_40x.uasset" 137
"../../../Engine/Content/Tutorial/SubEditors/TutorialAssets/icon_ShowSkeletalMeshes_40x.uasset" 138
"../../../Engine/Content/Tutorial/SubEditors/TutorialAssets/TutorialMaterial.uasset" 139
"../../../Engine/Content/Tutorial/SubEditors/TutorialAssets/T_SmokeSubUV_8X8.uasset" 140
"../../../Engine/Content/Tutorial/SubEditors/TutorialAssets/T_soft_smoke.uasset" 141
"../../../Engine/Content/Tutorial/SubEditors/TutorialAssets/M_smoke_subUV_blackbody.uasset" 142
"../../../Engine/Content/Tutorial/SubEditors/TutorialAssets/TutorialParticleSystem.uasset" 143
"../../../Engine/Content/EditorMeshes/EditorCube.uasset" 144
"../../../Engine/Content/Tutorial/SubEditors/TutorialAssets/Tutorial_DM.uasset" 145
"../../../Engine/Content/VREditor/Devices/Generic/GenericHMDMaterial.uasset" 146
"../../../Engine/Content/VREditor/Devices/Generic/GenericHMD.uasset" 147
"../../../Engine/Content/VREditor/FloatingText/LineMaterial.uasset" 148
"../../../Engine/Content/VREditor/FloatingText/JointSphere.uasset" 149
"../../../Engine/Content/VREditor/FloatingText/LineSegmentCylinder.uasset" 150
"../../../Engine/Content/VREditor/Fonts/VRText_RobotoLarge.uasset" 151
"../../../Engine/Content/VREditor/Fonts/VRTextMaterial.uasset" 152
"../../../Engine/Content/VREditor/Fonts/TranslucentVRTextMaterial.uasset" 153
"../../../Engine/Content/VREditor/LaserPointer/VR_LaserPower_01.uasset" 154
"../../../Engine/Content/VREditor/LaserPointer/LaserPointerMaterial.uasset" 155
"../../../Engine/Content/VREditor/LaserPointer/LaserPointerMaterialInst.uasset" 156
"../../../Engine/Content/VREditor/LaserPointer/TranslucentLaserPointerMaterialInst.uasset" 157
"../../../Engine/Content/VREditor/LaserPointer/LaserPointerMesh.uasset" 158
"../../../Engine/Content/VREditor/Sounds/VR_grab_Cue.uasset" 159
"../../../Engine/Content/VREditor/Sounds/VR_teleport_Cue.uasset" 160
"../../../Engine/Content/VREditor/TransformGizmo/TransformGizmoMaterial.uasset" 161
"../../../Engine/Content/VREditor/TransformGizmo/TranslucentTransformGizmoMaterial.uasset" 162
"../../../Engine/Content/VREditor/TransformGizmo/BoundingBoxCorner.uasset" 163
"../../../Engine/Content/VREditor/TransformGizmo/BoundingBoxEdge.uasset" 164
"../../../Engine/Content/VREditor/TransformGizmo/PlaneTranslationHandle.uasset" 165
"../../../Engine/Content/VREditor/TransformGizmo/RotationHandle.uasset" 166
"../../../Engine/Content/VREditor/TransformGizmo/RotationHandleFull.uasset" 167
"../../../Engine/Content/VREditor/TransformGizmo/StretchingHandle.uasset" 168
"../../../Engine/Content/VREditor/TransformGizmo/TranslateHandleLong.uasset" 169
"../../../Engine/Content/VREditor/TransformGizmo/TranslationHandle.uasset" 170
"../../../Engine/Content/VREditor/TransformGizmo/UniformScaleHandle.uasset" 171
"../../../Engine/Content/VREditor/UI/CloseButtonMesh.uasset" 172
"../../../Engine/Content/VREditor/UI/SelectionBarMesh.uasset" 173
"../../../Engine/Content/Functions/Engine_MaterialFunctions01/Gradient/RadialGradient.uasset" 174
"../../../Engine/Content/VREditor/WorldMovementGrid/SimpleGrid.uasset" 175
"../../../Engine/Content/VREditor/WorldMovementGrid/GridMaterial.uasset" 176
"../../../Engine/Content/Functions/Engine_MaterialFunctions01/Density/ExponentialDensity.uasset" 177
"../../../Engine/Content/VREditor/WorldMovementGrid/GridPostProcess.uasset" 178
"../../../Engine/Content/EditorLandscapeResources/FlattenHeightMat.uasset" 179
"../../../Engine/Content/VREditor/WorldMovementGrid/PlaneMesh.uasset" 180
"../../../S05_TestingGrounds/Content/FiringComponent.uasset" 181
"../../../S05_TestingGrounds/Content/Dynamic/BP_HUD.uasset" 182
"../../../S05_TestingGrounds/Content/Dynamic/Character/AI/PatrolData.uasset" 183
"../../../S05_TestingGrounds/Content/Dynamic/Character/AI/Chase.uasset" 184
"../../../S05_TestingGrounds/Content/Dynamic/Character/AI/EQSTester.uasset" 185
"../../../S05_TestingGrounds/Content/Dynamic/Character/AI/SetFocus.uasset" 186
"../../../S05_TestingGrounds/Content/Dynamic/Character/AI/ShootAtEnemy.uasset" 187
"../../../S05_TestingGrounds/Content/Static/NPC/Character/Mesh/UE4_Mannequin_Skeleton.uasset" 188
"../../../S05_TestingGrounds/Content/Dynamic/Character/Animations/TPAnimationClips/Aim_Space_Ironsights.uasset" 189
"../../../S05_TestingGrounds/Content/Dynamic/Character/Animations/AimOffsets/AimCentral.uasset" 190
"../../../S05_TestingGrounds/Content/Dynamic/Character/Animations/AimOffsets/AimDown.uasset" 191
"../../../S05_TestingGrounds/Content/Dynamic/Character/Animations/AimOffsets/AimUp.uasset" 192
"../../../S05_TestingGrounds/Content/Dynamic/Character/Animations/AimOffsets/AimOffset.uasset" 193
"../../../S05_TestingGrounds/Content/Dynamic/Character/Animations/TPAnimationClips/Crouch_Idle_Rifle_Hip.uasset" 194
"../../../S05_TestingGrounds/Content/Dynamic/Character/Animations/TPAnimationClips/Death_2.uasset" 195
"../../../S05_TestingGrounds/Content/Dynamic/Character/Animations/TPAnimationClips/Idle_Rifle_Hip.uasset" 196
"../../../S05_TestingGrounds/Content/Dynamic/Character/Animations/TPAnimationClips/Idle_Rifle_Ironsights.uasset" 197
"../../../S05_TestingGrounds/Content/Dynamic/Character/Animations/TPAnimationClips/Jump_From_Jog.uasset" 198
"../../../S05_TestingGrounds/Content/Dynamic/Character/Animations/TPAnimationClips/Jump_From_Stand.uasset" 199
"../../../S05_TestingGrounds/Content/Dynamic/Character/Animations/TPAnimationClips/Walk_Bwd_Rifle_Ironsights.uasset" 200
"../../../S05_TestingGrounds/Content/Dynamic/Character/Animations/TPAnimationClips/Walk_Fwd_Rifle_Ironsights.uasset" 201
"../../../S05_TestingGrounds/Content/Dynamic/Character/Animations/TPAnimationClips/Walk_Lt_Rifle_Ironsights.uasset" 202
"../../../S05_TestingGrounds/Content/Dynamic/Character/Animations/TPAnimationClips/Walk_Rt_Rifle_Ironsights.uasset" 203
"../../../S05_TestingGrounds/Content/Dynamic/Character/Animations/BlendSpaces/Aiming_Walk.uasset" 204
"../../../S05_TestingGrounds/Content/Dynamic/Character/Animations/TPAnimationClips/Crouch_Walk_Bwd_Rifle_Hip.uasset" 205
"../../../S05_TestingGrounds/Content/Dynamic/Character/Animations/TPAnimationClips/Crouch_Walk_Fwd_Rifle_Hip.uasset" 206
"../../../S05_TestingGrounds/Content/Dynamic/Character/Animations/TPAnimationClips/Crouch_Walk_Lt_Rifle_Hip.uasset" 207
"../../../S05_TestingGrounds/Content/Dynamic/Character/Animations/TPAnimationClips/Crouch_Walk_Rt_Rifle_Hip.uasset" 208
"../../../S05_TestingGrounds/Content/Dynamic/Character/Animations/BlendSpaces/BS_CrouchWalk.uasset" 209
"../../../S05_TestingGrounds/Content/Dynamic/Character/Animations/TPAnimationClips/Jog_Bwd_Rifle.uasset" 210
"../../../S05_TestingGrounds/Content/Dynamic/Character/Animations/TPAnimationClips/Jog_Fwd_Rifle.uasset" 211
"../../../S05_TestingGrounds/Content/Dynamic/Character/Animations/TPAnimationClips/Jog_Lt_Rifle.uasset" 212
"../../../S05_TestingGrounds/Content/Dynamic/Character/Animations/TPAnimationClips/Jog_Rt_Rifle.uasset" 213
"../../../S05_TestingGrounds/Content/Dynamic/Character/Animations/BlendSpaces/BS_Jog.uasset" 214
"../../../S05_TestingGrounds/Content/Static/Player/Character/Mesh/SK_Mannequin_Arms_Skeleton.uasset" 215
"../../../S05_TestingGrounds/Content/Dynamic/Character/Animations/FPAnimationClips/FirstPerson_Idle.uasset" 216
"../../../S05_TestingGrounds/Content/Dynamic/Character/Animations/FPAnimationClips/FirstPerson_JumpEnd.uasset" 217
"../../../S05_TestingGrounds/Content/Dynamic/Character/Animations/FPAnimationClips/FirstPerson_JumpLoop.uasset" 218
"../../../S05_TestingGrounds/Content/Dynamic/Character/Animations/FPAnimationClips/FirstPerson_JumpStart.uasset" 219
"../../../S05_TestingGrounds/Content/Dynamic/Character/Animations/FPAnimationClips/FirstPerson_Run.uasset" 220
"../../../Engine/Content/EditorBlueprintResources/StandardMacros.uasset" 221
"../../../S05_TestingGrounds/Content/Dynamic/Character/Animations/ABP_FP.uasset" 222
"../../../S05_TestingGrounds/Content/Dynamic/Character/Animations/ABP_TP.uasset" 223
"../../../S05_TestingGrounds/Content/Dynamic/Character/AI/FindNextWaypoint.uasset" 224
"../../../S05_TestingGrounds/Content/Dynamic/Character/AI/Patrol.uasset" 225
"../../../S05_TestingGrounds/Content/Dynamic/Character/AI/Shoot.uasset" 226
"../../../S05_TestingGrounds/Content/Dynamic/Character/AI/ShootSequence.uasset" 227
"../../../S05_TestingGrounds/Content/Dynamic/Character/AI/ClearBlackboardValue.uasset" 228
"../../../S05_TestingGrounds/Content/Dynamic/Character/AI/Suspicion.uasset" 229
"../../../S05_TestingGrounds/Content/Dynamic/Character/AI/IsWithinRange.uasset" 230
"../../../S05_TestingGrounds/Content/Dynamic/Character/AI/UpdateLastKnownLocation.uasset" 231
"../../../S05_TestingGrounds/Content/Dynamic/Character/AI/GuardBehavior.uasset" 232
"../../../S05_TestingGrounds/Content/Dynamic/Character/AI/NPC_AI_BP.uasset" 233
"../../../S05_TestingGrounds/Content/Dynamic/Character/Animations/FPAnimationClips/FirstPerson_Fire.uasset" 234
"../../../S05_TestingGrounds/Content/Dynamic/Character/Animations/AM_FPFire.uasset" 235
"../../../S05_TestingGrounds/Content/Dynamic/Character/Animations/TPAnimationClips/Fire_Rifle_Ironsights.uasset" 236
"../../../S05_TestingGrounds/Content/Dynamic/Character/Animations/AM_TPFire.uasset" 237
"../../../S05_TestingGrounds/Content/Static/Weapons/FPWeapon/Materials/M_Laser.uasset" 238
"../../../S05_TestingGrounds/Content/Static/Player/Meshes/BaseMaterial.uasset" 239
"../../../S05_TestingGrounds/Content/Static/Player/Meshes/FirstPersonProjectileMaterial.uasset" 240
"../../../S05_TestingGrounds/Content/Static/Player/Meshes/FirstPersonProjectileMesh.uasset" 241
"../../../S05_TestingGrounds/Content/Dynamic/Weapons/FPWeapon/Behaviour/BP_FirstPersonProjectile.uasset" 242
"../../../S05_TestingGrounds/Content/Static/Player/Audio/FirstPersonTemplateWeaponFire02.uasset" 243
"../../../Engine/Content/Functions/Engine_MaterialFunctions02/Utility/BlendAngleCorrectedNormals.uasset" 244
"../../../Engine/Content/Functions/MaterialLayerFunctions/MatLayerBlend_NormalBlend.uasset" 245
"../../../Engine/Content/Functions/MaterialLayerFunctions/MatLayerBlend_Simple.uasset" 246
"../../../S05_TestingGrounds/Content/Static/Weapons/FPWeapon/Materials/MaterialLayers/T_ML_Rubber_Blue_01_D.uasset" 247
"../../../S05_TestingGrounds/Content/Static/Weapons/FPWeapon/Materials/MaterialLayers/T_ML_Rubber_Blue_01_N.uasset" 248
"../../../S05_TestingGrounds/Content/Static/Weapons/FPWeapon/Materials/MaterialLayers/ML_GlossyBlack_Latex_UE4.uasset" 249
"../../../S05_TestingGrounds/Content/Static/Weapons/FPWeapon/Materials/MaterialLayers/ML_Plastic_Shiny_Beige.uasset" 250
"../../../S05_TestingGrounds/Content/Static/Weapons/FPWeapon/Materials/MaterialLayers/ML_Screen.uasset" 251
"../../../S05_TestingGrounds/Content/Static/Weapons/FPWeapon/Materials/MaterialLayers/T_ML_Aluminum01.uasset" 252
"../../../S05_TestingGrounds/Content/Static/Weapons/FPWeapon/Materials/MaterialLayers/T_ML_Aluminum01_N.uasset" 253
"../../../S05_TestingGrounds/Content/Static/Weapons/FPWeapon/Materials/MaterialLayers/ML_SoftMetal_UE4.uasset" 254
"../../../S05_TestingGrounds/Content/Static/Weapons/FPWeapon/Textures/T_FPGun_M.uasset" 255
"../../../S05_TestingGrounds/Content/Static/Weapons/FPWeapon/Textures/T_FPGun_N.uasset" 256
"../../../S05_TestingGrounds/Content/Static/Weapons/FPWeapon/Materials/M_FPGun.uasset" 257
"../../../S05_TestingGrounds/Content/Static/Weapons/FPWeapon/Mesh/SK_FPGun_Skeleton.uasset" 258
"../../../S05_TestingGrounds/Content/Static/Weapons/FPWeapon/Mesh/SK_FPGun.uasset" 259
"../../../S05_TestingGrounds/Content/Dynamic/Weapons/FPWeapon/Behaviour/BP_Gun.uasset" 260
"../../../Engine/Content/Functions/MaterialLayerFunctions/MatLayerBlend_AO.uasset" 261
"../../../S05_TestingGrounds/Content/Static/NPC/Character/Materials/MaterialLayers/T_ML_Rubber_Blue_01_D.uasset" 262
"../../../S05_TestingGrounds/Content/Static/NPC/Character/Materials/MaterialLayers/T_ML_Rubber_Blue_01_N.uasset" 263
"../../../S05_TestingGrounds/Content/Static/NPC/Character/Materials/MaterialLayers/ML_GlossyBlack_Latex_UE4.uasset" 264
"../../../S05_TestingGrounds/Content/Static/NPC/Character/Materials/MaterialLayers/ML_Plastic_Shiny_Beige.uasset" 265
"../../../S05_TestingGrounds/Content/Static/NPC/Character/Textures/UE4_LOGO_CARD.uasset" 266
"../../../S05_TestingGrounds/Content/Static/NPC/Character/Materials/MaterialLayers/ML_Plastic_Shiny_Beige_LOGO.uasset" 267
"../../../S05_TestingGrounds/Content/Static/NPC/Character/Materials/MaterialLayers/T_ML_Aluminum01.uasset" 268
"../../../S05_TestingGrounds/Content/Static/NPC/Character/Materials/MaterialLayers/T_ML_Aluminum01_N.uasset" 269
"../../../S05_TestingGrounds/Content/Static/NPC/Character/Materials/MaterialLayers/ML_SoftMetal_UE4.uasset" 270
"../../../S05_TestingGrounds/Content/Static/NPC/Character/Textures/UE4_Mannequin__normals.uasset" 271
"../../../S05_TestingGrounds/Content/Static/NPC/Character/Textures/UE4_Mannequin_MAT_MASKA.uasset" 272
"../../../S05_TestingGrounds/Content/Static/NPC/Character/Textures/UE4_Mannequin_occlusion_Mobile.uasset" 273
"../../../S05_TestingGrounds/Content/Static/NPC/Character/Materials/M_UE4Man_Body.uasset" 274
"../../../S05_TestingGrounds/Content/Static/NPC/Character/Textures/UE4Man_Logo_N.uasset" 275
"../../../S05_TestingGrounds/Content/Static/NPC/Character/Materials/M_UE4Man_ChestLogo.uasset" 276
"../../../S05_TestingGrounds/Content/Static/NPC/Character/Mesh/SK_Mannequin_PhysicsAsset.uasset" 277
"../../../S05_TestingGrounds/Content/Static/NPC/Character/Mesh/SK_Mannequin.uasset" 278
"../../../S05_TestingGrounds/Content/Static/Player/Character/Materials/MaterialLayers/T_ML_Rubber_Blue_01_D.uasset" 279
"../../../S05_TestingGrounds/Content/Static/Player/Character/Materials/MaterialLayers/T_ML_Rubber_Blue_01_N.uasset" 280
"../../../S05_TestingGrounds/Content/Static/Player/Character/Materials/MaterialLayers/ML_GlossyBlack_Latex_UE4.uasset" 281
"../../../S05_TestingGrounds/Content/Static/Player/Character/Materials/MaterialLayers/ML_Plastic_Shiny_Beige.uasset" 282
"../../../S05_TestingGrounds/Content/Static/Player/Character/Textures/UE4_LOGO_CARD.uasset" 283
"../../../S05_TestingGrounds/Content/Static/Player/Character/Materials/MaterialLayers/ML_Plastic_Shiny_Beige_LOGO.uasset" 284
"../../../S05_TestingGrounds/Content/Static/Player/Character/Materials/MaterialLayers/T_ML_Aluminum01.uasset" 285
"../../../S05_TestingGrounds/Content/Static/Player/Character/Materials/MaterialLayers/T_ML_Aluminum01_N.uasset" 286
"../../../S05_TestingGrounds/Content/Static/Player/Character/Materials/MaterialLayers/ML_SoftMetal_UE4.uasset" 287
"../../../S05_TestingGrounds/Content/Static/Player/Character/Textures/UE4_Mannequin__normals.uasset" 288
"../../../S05_TestingGrounds/Content/Static/Player/Character/Textures/UE4_Mannequin_MAT_MASKA.uasset" 289
"../../../S05_TestingGrounds/Content/Static/Player/Character/Materials/M_UE4Man_Body.uasset" 290
"../../../S05_TestingGrounds/Content/Static/Player/Character/Mesh/SK_Mannequin_Arms_PhysicsAsset.uasset" 291
"../../../S05_TestingGrounds/Content/Static/Player/Character/Mesh/SK_Mannequin_Arms.uasset" 292
"../../../S05_TestingGrounds/Content/Dynamic/Character/Behaviour/BP_Character.uasset" 293
"../../../S05_TestingGrounds/Content/Dynamic/Character/Animations/ABP_TPAnimation.uasset" 294
"../../../S05_TestingGrounds/Content/Dynamic/Character/Animations/TPAnimationClips/Aim_Space_Hip.uasset" 295
"../../../S05_TestingGrounds/Content/Dynamic/Character/Animations/TPAnimationClips/Crouch_Idle_Rifle_Ironsights.uasset" 296
"../../../S05_TestingGrounds/Content/Dynamic/Character/Animations/TPAnimationClips/Crouch_to_Stand_Rifle_Hip.uasset" 297
"../../../S05_TestingGrounds/Content/Dynamic/Character/Animations/TPAnimationClips/Crouch_to_Stand_Rifle_Ironsights.uasset" 298
"../../../S05_TestingGrounds/Content/Dynamic/Character/Animations/TPAnimationClips/Crouch_Walk_Bwd_Rifle_Ironsights.uasset" 299
"../../../S05_TestingGrounds/Content/Dynamic/Character/Animations/TPAnimationClips/Crouch_Walk_Fwd_Rifle_Ironsights.uasset" 300
"../../../S05_TestingGrounds/Content/Dynamic/Character/Animations/TPAnimationClips/Crouch_Walk_Lt_Rifle_Ironsights.uasset" 301
"../../../S05_TestingGrounds/Content/Dynamic/Character/Animations/TPAnimationClips/Crouch_Walk_Rt_Rifle_Ironsights.uasset" 302
"../../../S05_TestingGrounds/Content/Dynamic/Character/Animations/TPAnimationClips/Death_1.uasset" 303
"../../../S05_TestingGrounds/Content/Dynamic/Character/Animations/TPAnimationClips/Death_3.uasset" 304
"../../../S05_TestingGrounds/Content/Dynamic/Character/Animations/TPAnimationClips/Death_Ironsights_1.uasset" 305
"../../../S05_TestingGrounds/Content/Dynamic/Character/Animations/TPAnimationClips/Death_Ironsights_2.uasset" 306
"../../../S05_TestingGrounds/Content/Dynamic/Character/Animations/TPAnimationClips/Equip_Pistol_Standing.uasset" 307
"../../../S05_TestingGrounds/Content/Dynamic/Character/Animations/TPAnimationClips/Equip_Rifle_Standing.uasset" 308
"../../../S05_TestingGrounds/Content/Dynamic/Character/Animations/TPAnimationClips/Fire_Rifle_Hip.uasset" 309
"../../../S05_TestingGrounds/Content/Dynamic/Character/Animations/TPAnimationClips/Fire_Rifle_Ironsights2.uasset" 310
"../../../S05_TestingGrounds/Content/Dynamic/Character/Animations/TPAnimationClips/Fire_Rifle_Ironsights_Additive.uasset" 311
"../../../S05_TestingGrounds/Content/Dynamic/Character/Animations/TPAnimationClips/Fire_Shotgun_Hip.uasset" 312
"../../../S05_TestingGrounds/Content/Dynamic/Character/Animations/TPAnimationClips/Fire_Shotgun_Ironsights.uasset" 313
"../../../S05_TestingGrounds/Content/Dynamic/Character/Animations/TPAnimationClips/Hit_React_1.uasset" 314
"../../../S05_TestingGrounds/Content/Dynamic/Character/Animations/TPAnimationClips/Hit_React_2.uasset" 315
"../../../S05_TestingGrounds/Content/Dynamic/Character/Animations/TPAnimationClips/Hit_React_3.uasset" 316
"../../../S05_TestingGrounds/Content/Dynamic/Character/Animations/TPAnimationClips/Hit_React_4.uasset" 317
"../../../S05_TestingGrounds/Content/Dynamic/Character/Animations/TPAnimationClips/Idle_Pistol.uasset" 318
"../../../S05_TestingGrounds/Content/Dynamic/Character/Animations/TPAnimationClips/Idle_Rifle_Hip_Break1.uasset" 319
"../../../S05_TestingGrounds/Content/Dynamic/Character/Animations/TPAnimationClips/Idle_Rifle_Hip_Break2.uasset" 320
"../../../S05_TestingGrounds/Content/Dynamic/Character/Animations/TPAnimationClips/Jump_From_Stand_Ironsights.uasset" 321
"../../../S05_TestingGrounds/Content/Dynamic/Character/Animations/TPAnimationClips/Prone_Death_1.uasset" 322
"../../../S05_TestingGrounds/Content/Dynamic/Character/Animations/TPAnimationClips/Prone_Death_2.uasset" 323
"../../../S05_TestingGrounds/Content/Dynamic/Character/Animations/TPAnimationClips/Prone_Fire_1.uasset" 324
"../../../S05_TestingGrounds/Content/Dynamic/Character/Animations/TPAnimationClips/Prone_Fire_2.uasset" 325
"../../../S05_TestingGrounds/Content/Dynamic/Character/Animations/TPAnimationClips/Prone_Idle.uasset" 326
"../../../S05_TestingGrounds/Content/Dynamic/Character/Animations/TPAnimationClips/Prone_Reload_Rifle.uasset" 327
"../../../S05_TestingGrounds/Content/Dynamic/Character/Animations/TPAnimationClips/Prone_Reload_Shotgun.uasset" 328
"../../../S05_TestingGrounds/Content/Dynamic/Character/Animations/TPAnimationClips/Prone_To_Stand.uasset" 329
"../../../S05_TestingGrounds/Content/Dynamic/Character/Animations/TPAnimationClips/Reload_Pistol.uasset" 330
"../../../S05_TestingGrounds/Content/Dynamic/Character/Animations/TPAnimationClips/Reload_Rifle_Hip.uasset" 331
"../../../S05_TestingGrounds/Content/Dynamic/Character/Animations/TPAnimationClips/Reload_Rifle_Ironsights.uasset" 332
"../../../S05_TestingGrounds/Content/Dynamic/Character/Animations/TPAnimationClips/Reload_Shotgun_Hip.uasset" 333
"../../../S05_TestingGrounds/Content/Dynamic/Character/Animations/TPAnimationClips/Reload_Shotgun_Ironsights.uasset" 334
"../../../S05_TestingGrounds/Content/Dynamic/Character/Animations/TPAnimationClips/Sprint_Fwd_Rifle.uasset" 335
"../../../S05_TestingGrounds/Content/Dynamic/Character/Animations/TPAnimationClips/Stand_to_Crouch_Rifle_Hip.uasset" 336
"../../../S05_TestingGrounds/Content/Dynamic/Character/Animations/TPAnimationClips/Stand_to_Crouch_Rifle_Ironsights.uasset" 337
"../../../S05_TestingGrounds/Content/Dynamic/Character/Animations/TPAnimationClips/Stand_To_Prone.uasset" 338
"../../../S05_TestingGrounds/Content/Static/Geometry/Meshes/Barrier.uasset" 339
"../../../S05_TestingGrounds/Content/Dynamic/Terrain/MI_RedBarrier.uasset" 340
"../../../Engine/Content/Functions/Engine_MaterialFunctions01/ImageAdjustment/BlurSampleOffsets.uasset" 341
"../../../Engine/Content/Functions/Engine_MaterialFunctions01/ImageAdjustment/CheapContrast_RGB.uasset" 342
"../../../Engine/Content/Functions/Engine_MaterialFunctions02/HueShift.uasset" 343
"../../../Engine/Content/Functions/Engine_MaterialFunctions02/Texturing/ScreenAlignedPixelToPixelUVs.uasset" 344
"../../../Engine/Content/EngineMaterials/Good64x64TilingNoiseHighFreq.uasset" 345
"../../../Engine/Content/Functions/Engine_MaterialFunctions02/Utility/DitherTemporalAA.uasset" 346
"../../../S05_TestingGrounds/Content/Static/TestingGroundPack/IndustryPropsPack4/Textures/BaseTextures/base_black_d.uasset" 347
"../../../S05_TestingGrounds/Content/Static/TestingGroundPack/IndustryPropsPack4/Textures/BaseTextures/base_flat_n.uasset" 348
"../../../S05_TestingGrounds/Content/Static/TestingGroundPack/IndustryPropsPack4/Textures/BaseTextures/base_gray_d.uasset" 349
"../../../S05_TestingGrounds/Content/Static/TestingGroundPack/IndustryPropsPack4/Materials/BaseMaterial/bese_material.uasset" 350
"../../../S05_TestingGrounds/Content/Static/TestingGroundPack/IndustryPropsPack4/Textures/Canister_D.uasset" 351
"../../../S05_TestingGrounds/Content/Static/TestingGroundPack/IndustryPropsPack4/Textures/Canister_N.uasset" 352
"../../../S05_TestingGrounds/Content/Static/TestingGroundPack/IndustryPropsPack4/Textures/Canister_SRM.uasset" 353
"../../../S05_TestingGrounds/Content/Static/TestingGroundPack/IndustryPropsPack4/Materials/Canister.uasset" 354
"../../../S05_TestingGrounds/Content/Static/TestingGroundPack/IndustryPropsPack4/Meshes/Canister1.uasset" 355
"../../../S05_TestingGrounds/Content/Dynamic/Terrain/Props/Canister_BP.uasset" 356
"../../../S05_TestingGrounds/Content/Dynamic/UI/BP_ScoreUI.uasset" 357
"../../../S05_TestingGrounds/Content/Dynamic/UI/WBP_ScoreUI.uasset" 358
"../../../S05_TestingGrounds/Content/Dynamic/Weapons/FPWeapon/Behaviour/BP_.uasset" 359
"../../../S05_TestingGrounds/Content/Dynamic/Weapons/FPWeapon/Behaviour/BP_FireComponent.uasset" 360
"../../../S05_TestingGrounds/Content/Static/Geometry/Meshes/CubeMaterial.uasset" 361
"../../../S05_TestingGrounds/Content/Static/Geometry/Meshes/1M_Cube_Chamfer.uasset" 362
"../../../S05_TestingGrounds/Content/Static/Geometry/Meshes/RampMaterial.uasset" 363
"../../../S05_TestingGrounds/Content/Static/Geometry/Meshes/Bump_StaticMesh.uasset" 364
"../../../S05_TestingGrounds/Content/Static/Geometry/Meshes/LeftArm_StaticMesh.uasset" 365
"../../../S05_TestingGrounds/Content/Static/Geometry/Meshes/Linear_Stair_StaticMesh.uasset" 366
"../../../S05_TestingGrounds/Content/Static/Geometry/Meshes/Ramp_StaticMesh.uasset" 367
"../../../S05_TestingGrounds/Content/Static/Geometry/Meshes/RightArm_StaticMesh.uasset" 368
"../../../S05_TestingGrounds/Content/Static/Geometry/Meshes/TemplateFloor.uasset" 369
"../../../S05_TestingGrounds/Content/Static/Player/Meshes/CubeMaterialOverride.uasset" 370
"../../../S05_TestingGrounds/Content/Static/Player/Textures/FirstPersonCrosshair.uasset" 371
"../../../S05_TestingGrounds/Content/Static/Weapons/FPWeapon/Materials/MaterialLayers/ML_Plastic_Shiny_Beige_LOGO.uasset" 372
"../../../S05_TestingGrounds/Content/Static/Weapons/FPWeapon/Materials/MaterialLayers/T_ML_FineRubber.uasset" 373
"../../../S05_TestingGrounds/Content/Static/Weapons/FPWeapon/Mesh/SK_FPGun_PhysicsAsset.uasset" 374
"../../../Engine/Plugins/2D/Paper2D/Content/DummySprite.uasset" 375
"../../../Engine/Plugins/2D/Paper2D/Content/DefaultPaperTerrainMaterial.uasset" 376
"../../../Engine/Plugins/2D/Paper2D/Content/DefaultSpriteMaterial.uasset" 377
"../../../Engine/Plugins/2D/Paper2D/Content/MaskedUnlitSpriteMaterial.uasset" 378
"../../../Engine/Plugins/2D/Paper2D/Content/OpaqueUnlitSpriteMaterial.uasset" 379
"../../../Engine/Plugins/2D/Paper2D/Content/PlaceholderTextures/DummySpriteTexture.uasset" 380
"../../../S05_TestingGrounds/Content/Dynamic/Character/Behaviour/BP_PlayerController.uasset" 381
"../../../S05_TestingGrounds/Content/Dynamic/UI/WBP_Score.uasset" 382
"../../../S05_TestingGrounds/Content/Dynamic/UI/BP_HUD.uasset" 383
"../../../S05_TestingGrounds/Content/Dynamic/BP_InfiniteTerrainGameMode.uasset" 384
"../../../S05_TestingGrounds/Content/Static/TestingGroundPack/IndustryPropsPack4/Textures/Box_D.uasset" 385
"../../../S05_TestingGrounds/Content/Static/TestingGroundPack/IndustryPropsPack4/Textures/Box_N.uasset" 386
"../../../S05_TestingGrounds/Content/Static/TestingGroundPack/IndustryPropsPack4/Textures/Box_SRM.uasset" 387
"../../../S05_TestingGrounds/Content/Static/TestingGroundPack/IndustryPropsPack4/Textures/Dirt2_N.uasset" 388
"../../../S05_TestingGrounds/Content/Static/TestingGroundPack/IndustryPropsPack4/Materials/Box.uasset" 389
"../../../S05_TestingGrounds/Content/Static/TestingGroundPack/IndustryPropsPack4/Meshes/Box2.uasset" 390
"../../../S05_TestingGrounds/Content/Dynamic/Terrain/Props/Box_BP.uasset" 391
"../../../S05_TestingGrounds/Content/Static/TestingGroundPack/IndustryPropsPack4/Textures/Container_D.uasset" 392
"../../../S05_TestingGrounds/Content/Static/TestingGroundPack/IndustryPropsPack4/Textures/Container_N.uasset" 393
"../../../S05_TestingGrounds/Content/Static/TestingGroundPack/IndustryPropsPack4/Textures/Container_SRM.uasset" 394
"../../../S05_TestingGrounds/Content/Static/TestingGroundPack/IndustryPropsPack4/Materials/Container.uasset" 395
"../../../S05_TestingGrounds/Content/Static/TestingGroundPack/IndustryPropsPack4/Meshes/Container.uasset" 396
"../../../S05_TestingGrounds/Content/Static/TestingGroundPack/IndustryPropsPack4/Meshes/ContainerDoorL.uasset" 397
"../../../S05_TestingGrounds/Content/Static/TestingGroundPack/IndustryPropsPack4/Meshes/ContainerDoorR.uasset" 398
"../../../S05_TestingGrounds/Content/Dynamic/Terrain/Props/Container_BP.uasset" 399
"../../../Engine/Content/Functions/MaterialLayerFunctions/MatLayerBlend_OverrideOpacityMask.uasset" 400
"../../../S05_TestingGrounds/Content/Static/TestingGroundPack/RockPackProV1/Rock01/Textures/Rock01_Albedo.uasset" 401
"../../../S05_TestingGrounds/Content/Static/TestingGroundPack/RockPackProV1/Rock01/Textures/Rock01_Normals.uasset" 402
"../../../S05_TestingGrounds/Content/Static/TestingGroundPack/RockPackProV1/Rock01/Textures/Rock01_Occlusion.uasset" 403
"../../../S05_TestingGrounds/Content/Static/TestingGroundPack/RockPackProV1/Textures/RockDetail/Rocks_DetailAlbedo.uasset" 404
"../../../S05_TestingGrounds/Content/Static/TestingGroundPack/RockPackProV1/Rock01/Rock01_Material.uasset" 405
"../../../S05_TestingGrounds/Content/Static/TestingGroundPack/RockPackProV1/Rock01/Rock01_High.uasset" 406
"../../../S05_TestingGrounds/Content/Dynamic/Terrain/Props/Rock01_BP.uasset" 407
"../../../S05_TestingGrounds/Content/Static/TestingGroundPack/RockPackProV1/Rock05/Textures/Rock05_Albedo.uasset" 408
"../../../S05_TestingGrounds/Content/Static/TestingGroundPack/RockPackProV1/Rock05/Textures/Rock05_Normals.uasset" 409
"../../../S05_TestingGrounds/Content/Static/TestingGroundPack/RockPackProV1/Rock05/Textures/Rock05_Occlusion.uasset" 410
"../../../S05_TestingGrounds/Content/Static/TestingGroundPack/RockPackProV1/Rock05/Rock05_Material.uasset" 411
"../../../S05_TestingGrounds/Content/Static/TestingGroundPack/RockPackProV1/Rock05/Rock05_High.uasset" 412
"../../../S05_TestingGrounds/Content/Dynamic/Terrain/Props/Rock05_BP.uasset" 413
"../../../S05_TestingGrounds/Content/Static/TestingGroundPack/RockPackProV1/Rock17/Textures/Rock17_Albedo.uasset" 414
"../../../S05_TestingGrounds/Content/Static/TestingGroundPack/RockPackProV1/Rock17/Textures/Rock17_Normals.uasset" 415
"../../../S05_TestingGrounds/Content/Static/TestingGroundPack/RockPackProV1/Rock17/Textures/Rock17_Occlusion.uasset" 416
"../../../S05_TestingGrounds/Content/Static/TestingGroundPack/RockPackProV1/Rock17/Rock17_Material.uasset" 417
"../../../S05_TestingGrounds/Content/Static/TestingGroundPack/RockPackProV1/Rock17/Rock17_High.uasset" 418
"../../../S05_TestingGrounds/Content/Dynamic/Terrain/Props/Rock17_BP.uasset" 419
"../../../S05_TestingGrounds/Content/Static/TestingGroundPack/IndustryPropsPack4/Textures/TrashCan_D.uasset" 420
"../../../S05_TestingGrounds/Content/Static/TestingGroundPack/IndustryPropsPack4/Textures/TrashCan_N.uasset" 421
"../../../S05_TestingGrounds/Content/Static/TestingGroundPack/IndustryPropsPack4/Textures/TrashCan_SRM.uasset" 422
"../../../S05_TestingGrounds/Content/Static/TestingGroundPack/IndustryPropsPack4/Materials/TrashCan.uasset" 423
"../../../S05_TestingGrounds/Content/Static/TestingGroundPack/IndustryPropsPack4/Meshes/Sack1.uasset" 424
"../../../S05_TestingGrounds/Content/Dynamic/Terrain/Props/Sandbags_BP.uasset" 425
"../../../S05_TestingGrounds/Content/Dynamic/Terrain/MI_Barrier_Green.uasset" 426
"../../../S05_TestingGrounds/Content/Dynamic/Terrain/MI_Barrier_Red.uasset" 427
"../../../S05_TestingGrounds/Content/Static/TestingGroundPack/GrassPack/Textures/BaseTextures/base_flat_n.uasset" 428
"../../../S05_TestingGrounds/Content/Static/TestingGroundPack/GrassPack/Textures/BaseTextures/base_gray_d.uasset" 429
"../../../S05_TestingGrounds/Content/Static/TestingGroundPack/GrassPack/Materials/BaseMaterial/bese_material.uasset" 430
"../../../S05_TestingGrounds/Content/Static/TestingGroundPack/GrassPack/Textures/Ground_D.uasset" 431
"../../../S05_TestingGrounds/Content/Static/TestingGroundPack/GrassPack/Textures/Ground_N.uasset" 432
"../../../S05_TestingGrounds/Content/Static/TestingGroundPack/GrassPack/Materials/Ground.uasset" 433
"../../../S05_TestingGrounds/Content/Dynamic/Terrain/S_GroundPlane.uasset" 434
"../../../S05_TestingGrounds/Content/Static/Geometry/Meshes/1M_Cube.uasset" 435
"../../../Engine/Content/Functions/Engine_MaterialFunctions01/Gradient/LinearGradient.uasset" 436
"../../../Engine/Content/Functions/Engine_MaterialFunctions01/Shading/FuzzyShadingGrass.uasset" 437
"../../../Engine/Content/Functions/Engine_MaterialFunctions01/WorldPositionOffset/SimpleGrassWind.uasset" 438
"../../../S05_TestingGrounds/Content/Static/TestingGroundPack/GrassPack/Textures/BaseTextures/Mask1.uasset" 439
"../../../S05_TestingGrounds/Content/Static/TestingGroundPack/GrassPack/Materials/BaseMaterial/Flora_twoSides.uasset" 440
"../../../S05_TestingGrounds/Content/Static/TestingGroundPack/GrassPack/Textures/Grass_D.uasset" 441
"../../../S05_TestingGrounds/Content/Static/TestingGroundPack/GrassPack/Textures/Grass_N.uasset" 442
"../../../S05_TestingGrounds/Content/Static/TestingGroundPack/GrassPack/Materials/grass.uasset" 443
"../../../S05_TestingGrounds/Content/Static/TestingGroundPack/GrassPack/Meshes/grass01.uasset" 444
"../../../S05_TestingGrounds/Content/Static/TestingGroundPack/GrassPack/Textures/Grass2_D.uasset" 445
"../../../S05_TestingGrounds/Content/Static/TestingGroundPack/GrassPack/Textures/Grass2_N.uasset" 446
"../../../S05_TestingGrounds/Content/Static/TestingGroundPack/GrassPack/Materials/grass2.uasset" 447
"../../../S05_TestingGrounds/Content/Static/TestingGroundPack/GrassPack/Meshes/grass02.uasset" 448
"../../../S05_TestingGrounds/Content/Static/TestingGroundPack/GrassPack/Textures/Grass5_D.uasset" 449
"../../../S05_TestingGrounds/Content/Static/TestingGroundPack/GrassPack/Textures/Grass5_N.uasset" 450
"../../../S05_TestingGrounds/Content/Static/TestingGroundPack/GrassPack/Materials/grass5.uasset" 451
"../../../S05_TestingGrounds/Content/Static/TestingGroundPack/GrassPack/Meshes/grass05.uasset" 452
"../../../S05_TestingGrounds/Content/Dynamic/Terrain/BP_Tile.uasset" 453
"../../../Engine/Content/EngineSky/C_Sky_Cloud_Color.uasset" 454
"../../../Engine/Content/EngineSky/C_Sky_Horizon_Color.uasset" 455
"../../../Engine/Content/EngineSky/C_Sky_Zenith_Color.uasset" 456
"../../../Engine/Content/EngineSky/T_Sky_Blue.uasset" 457
"../../../Engine/Content/EngineSky/T_Sky_Clouds_M.uasset" 458
"../../../Engine/Content/EngineSky/T_Sky_Stars.uasset" 459
"../../../Engine/Content/EngineSky/M_Sky_Panning_Clouds2.uasset" 460
"../../../Engine/Content/EngineSky/SM_SkySphere.uasset" 461
"../../../Engine/Content/EngineSky/BP_Sky_Sphere.uasset" 462
"../../../S05_TestingGrounds/Content/Dynamic/Levels/FirstPersonExampleMap_BuiltData.uasset" 463
"../../../Engine/Content/Functions/Engine_MaterialFunctions03/Procedurals/ComputeFilterWidth.uasset" 464
"../../../Engine/Content/EngineMaterials/AntiAliasedTextMaterialTranslucent.uasset" 465
"../../../Engine/Content/BasicShapes/Cube.uasset" 466
"../../../S05_TestingGrounds/Content/Dynamic/Levels/FirstPersonExampleMap.umap" 467
"../../../Engine/Content/Maps/Entry.umap" 468
